#
# There is insufficient memory for the Java Runtime Environment to continue.
# Native memory allocation (mmap) failed to map 65536 bytes for Failed to commit metaspace.
# Possible reasons:
#   The system is out of physical RAM or swap space
#   The process is running with CompressedOops enabled, and the Java Heap may be blocking the growth of the native heap
# Possible solutions:
#   Reduce memory load on the system
#   Increase physical memory or swap space
#   Check if swap backing store is full
#   Decrease Java heap size (-Xmx/-Xms)
#   Decrease number of Java threads
#   Decrease Java thread stack sizes (-Xss)
#   Set larger code cache with -XX:ReservedCodeCacheSize=
#   JVM is running with Zero Based Compressed Oops mode in which the Java heap is
#     placed in the first 32GB address space. The Java Heap base address is the
#     maximum limit for the native heap growth. Please use -XX:HeapBaseMinAddress
#     to set the Java Heap base and to place the Java Heap above 32GB virtual address.
# This output file may be truncated or incomplete.
#
#  Out of Memory Error (virtualSpaceNode.cpp:110), pid=17780, tid=19428
#
# JRE version: Java(TM) SE Runtime Environment (17.0.9+11) (build 17.0.9+11-LTS-201)
# Java VM: Java HotSpot(TM) 64-Bit Server VM (17.0.9+11-LTS-201, mixed mode, emulated-client, sharing, tiered, compressed oops, compressed class ptrs, g1 gc, windows-amd64)
# No core dump will be written. Minidumps are not enabled by default on client versions of Windows
#

---------------  S U M M A R Y ------------

Command Line: -agentlib:jdwp=transport=dt_socket,address=127.0.0.1:64987,suspend=y,server=n -XX:TieredStopAtLevel=1 -Dspring.output.ansi.enabled=always -Dcom.sun.management.jmxremote -Dspring.jmx.enabled=true -Dspring.liveBeansView.mbeanDomain -Dspring.application.admin.enabled=true -Dmanagement.endpoints.jmx.exposure.include=* -javaagent:C:\Users\LGCNS~1\AppData\Local\Temp\captureAgent2543jars\debugger-agent.jar -Dfile.encoding=UTF-8 employee.example.EmployeeProjetc.EmployeeProjetcApplication

Host: 13th Gen Intel(R) Core(TM) i7-1360P, 16 cores, 15G,  Windows 10 , 64 bit Build 19041 (10.0.19041.3636)
Time: Thu Dec 21 17:06:10 2023 SE Asia Standard Time elapsed time: 0.377706 seconds (0d 0h 0m 0s)

---------------  T H R E A D  ---------------

Current thread (0x0000022606d9bb90):  JavaThread "main" [_thread_in_vm, id=19428, stack(0x0000006ee9d00000,0x0000006ee9e00000)]

Stack: [0x0000006ee9d00000,0x0000006ee9e00000]
Native frames: (J=compiled Java code, j=interpreted, Vv=VM code, C=native code)
V  [jvm.dll+0x678a4a]
V  [jvm.dll+0x7d9cfd]
V  [jvm.dll+0x7db60e]
V  [jvm.dll+0x7dbc73]
V  [jvm.dll+0x245e1f]
V  [jvm.dll+0x7d5a0b]
V  [jvm.dll+0x61ebc6]
V  [jvm.dll+0x1c01f7]
V  [jvm.dll+0x621530]
V  [jvm.dll+0x61f586]
V  [jvm.dll+0x23b826]
V  [jvm.dll+0x1ea6f7]
V  [jvm.dll+0x1e0391]
V  [jvm.dll+0x53eaec]
V  [jvm.dll+0x7546bd]
V  [jvm.dll+0x75461a]
V  [jvm.dll+0x40cdf3]
V  [jvm.dll+0x42041c]
C  [java.dll+0x1657]

Java frames: (J=compiled Java code, j=interpreted, Vv=VM code)
j  java.lang.ClassLoader.defineClass0(Ljava/lang/ClassLoader;Ljava/lang/Class;Ljava/lang/String;[BIILjava/security/ProtectionDomain;ZILjava/lang/Object;)Ljava/lang/Class;+0 java.base@17.0.9
j  java.lang.System$2.defineClass(Ljava/lang/ClassLoader;Ljava/lang/Class;Ljava/lang/String;[BLjava/security/ProtectionDomain;ZILjava/lang/Object;)Ljava/lang/Class;+17 java.base@17.0.9
j  java.lang.invoke.MethodHandles$Lookup$ClassDefiner.defineClass(ZLjava/lang/Object;)Ljava/lang/Class;+54 java.base@17.0.9
j  java.lang.invoke.InvokerBytecodeGenerator.loadMethod([B)Ljava/lang/invoke/MemberName;+16 java.base@17.0.9
j  java.lang.invoke.InvokerBytecodeGenerator.generateCustomizedCode(Ljava/lang/invoke/LambdaForm;Ljava/lang/invoke/MethodType;)Ljava/lang/invoke/MemberName;+30 java.base@17.0.9
j  java.lang.invoke.LambdaForm.compileToBytecode()V+69 java.base@17.0.9
j  java.lang.invoke.DirectMethodHandle.makePreparedLambdaForm(Ljava/lang/invoke/MethodType;I)Ljava/lang/invoke/LambdaForm;+792 java.base@17.0.9
j  java.lang.invoke.DirectMethodHandle.preparedLambdaForm(Ljava/lang/invoke/MethodType;I)Ljava/lang/invoke/LambdaForm;+17 java.base@17.0.9
j  java.lang.invoke.DirectMethodHandle.preparedLambdaForm(Ljava/lang/invoke/MemberName;Z)Ljava/lang/invoke/LambdaForm;+139 java.base@17.0.9
j  java.lang.invoke.DirectMethodHandle.preparedLambdaForm(Ljava/lang/invoke/MemberName;)Ljava/lang/invoke/LambdaForm;+2 java.base@17.0.9
j  java.lang.invoke.DirectMethodHandle.make(BLjava/lang/Class;Ljava/lang/invoke/MemberName;Ljava/lang/Class;)Ljava/lang/invoke/DirectMethodHandle;+163 java.base@17.0.9
j  java.lang.invoke.MethodHandles$Lookup.getDirectMethodCommon(BLjava/lang/Class;Ljava/lang/invoke/MemberName;ZZLjava/lang/invoke/MethodHandles$Lookup;)Ljava/lang/invoke/MethodHandle;+210 java.base@17.0.9
j  java.lang.invoke.MethodHandles$Lookup.getDirectMethodNoSecurityManager(BLjava/lang/Class;Ljava/lang/invoke/MemberName;Ljava/lang/invoke/MethodHandles$Lookup;)Ljava/lang/invoke/MethodHandle;+14 java.base@17.0.9
j  java.lang.invoke.MethodHandles$Lookup.getDirectMethodForConstant(BLjava/lang/Class;Ljava/lang/invoke/MemberName;)Ljava/lang/invoke/MethodHandle;+31 java.base@17.0.9
j  java.lang.invoke.MethodHandles$Lookup.linkMethodHandleConstant(BLjava/lang/Class;Ljava/lang/String;Ljava/lang/Object;)Ljava/lang/invoke/MethodHandle;+153 java.base@17.0.9
j  java.lang.invoke.MethodHandleNatives.linkMethodHandleConstant(Ljava/lang/Class;ILjava/lang/Class;Ljava/lang/String;Ljava/lang/Object;)Ljava/lang/invoke/MethodHandle;+38 java.base@17.0.9
v  ~StubRoutines::call_stub
j  sun.security.provider.AbstractDrbg.<clinit>()V+12 java.base@17.0.9
v  ~StubRoutines::call_stub
j  sun.security.provider.DRBG.createImpl()V+125 java.base@17.0.9
j  sun.security.provider.DRBG.<init>(Ljava/security/SecureRandomParameters;)V+843 java.base@17.0.9
v  ~StubRoutines::call_stub
j  jdk.internal.reflect.NativeConstructorAccessorImpl.newInstance0(Ljava/lang/reflect/Constructor;[Ljava/lang/Object;)Ljava/lang/Object;+0 java.base@17.0.9
j  jdk.internal.reflect.NativeConstructorAccessorImpl.newInstance([Ljava/lang/Object;)Ljava/lang/Object;+118 java.base@17.0.9
j  jdk.internal.reflect.DelegatingConstructorAccessorImpl.newInstance([Ljava/lang/Object;)Ljava/lang/Object;+5 java.base@17.0.9
j  java.lang.reflect.Constructor.newInstanceWithCaller([Ljava/lang/Object;ZLjava/lang/Class;)Ljava/lang/Object;+65 java.base@17.0.9
j  java.lang.reflect.Constructor.newInstance([Ljava/lang/Object;)Ljava/lang/Object;+30 java.base@17.0.9
j  java.security.Provider$Service.newInstanceUtil(Ljava/lang/Class;Ljava/lang/Object;)Ljava/lang/Object;+34 java.base@17.0.9
j  java.security.Provider$Service.newInstance(Ljava/lang/Object;)Ljava/lang/Object;+227 java.base@17.0.9
j  java.security.SecureRandom.getDefaultPRNG(Z[B)V+125 java.base@17.0.9
j  java.security.SecureRandom.<init>()V+23 java.base@17.0.9
j  java.rmi.server.UID.<init>()V+20 java.rmi@17.0.9
j  java.rmi.server.ObjID.<clinit>()V+14 java.rmi@17.0.9
v  ~StubRoutines::call_stub
j  sun.rmi.transport.LiveRef.<init>(ILjava/rmi/server/RMIClientSocketFactory;Ljava/rmi/server/RMIServerSocketFactory;)V+1 java.rmi@17.0.9
j  sun.rmi.server.UnicastServerRef2.<init>(ILjava/rmi/server/RMIClientSocketFactory;Ljava/rmi/server/RMIServerSocketFactory;Ljava/io/ObjectInputFilter;)V+8 java.rmi@17.0.9
j  sun.management.jmxremote.ConnectorBootstrap$PermanentExporter.exportObject(Ljava/rmi/Remote;ILjava/rmi/server/RMIClientSocketFactory;Ljava/rmi/server/RMIServerSocketFactory;Ljava/io/ObjectInputFilter;)Ljava/rmi/Remote;+72 jdk.management.agent@17.0.9
j  javax.management.remote.rmi.RMIJRMPServerImpl.export(Ljava/rmi/Remote;Ljava/io/ObjectInputFilter;)V+62 java.management.rmi@17.0.9
j  javax.management.remote.rmi.RMIJRMPServerImpl.export()V+6 java.management.rmi@17.0.9
j  javax.management.remote.rmi.RMIConnectorServer.start()V+257 java.management.rmi@17.0.9
j  sun.management.jmxremote.ConnectorBootstrap.startLocalConnectorServer()Ljavax/management/remote/JMXConnectorServer;+290 jdk.management.agent@17.0.9
j  jdk.internal.agent.Agent.startLocalManagementAgent()V+13 jdk.management.agent@17.0.9
j  jdk.internal.agent.Agent.startAgent(Ljava/util/Properties;)V+58 jdk.management.agent@17.0.9
j  jdk.internal.agent.Agent.startAgent()V+20 jdk.management.agent@17.0.9
v  ~StubRoutines::call_stub

---------------  P R O C E S S  ---------------

Threads class SMR info:
_java_thread_list=0x000002261e644e80, length=16, elements={
0x0000022606d9bb90, 0x000002261e2b2410, 0x000002261e2b3290, 0x000002261e3c7130,
0x000002261e3e8100, 0x000002261e3eabd0, 0x000002261e3ebda0, 0x000002261e3ec760,
0x000002261e3fdec0, 0x000002261e4aa400, 0x000002261e29da90, 0x000002261e29dfb0,
0x000002261e55ae80, 0x000002261e621270, 0x000002261e621760, 0x000002261e6259f0
}

Java Threads: ( => current thread )
=>0x0000022606d9bb90 JavaThread "main" [_thread_in_vm, id=19428, stack(0x0000006ee9d00000,0x0000006ee9e00000)]
  0x000002261e2b2410 JavaThread "Reference Handler" daemon [_thread_blocked, id=7768, stack(0x0000006eea400000,0x0000006eea500000)]
  0x000002261e2b3290 JavaThread "Finalizer" daemon [_thread_blocked, id=13448, stack(0x0000006eea500000,0x0000006eea600000)]
  0x000002261e3c7130 JavaThread "Signal Dispatcher" daemon [_thread_blocked, id=23452, stack(0x0000006eea600000,0x0000006eea700000)]
  0x000002261e3e8100 JavaThread "Attach Listener" daemon [_thread_blocked, id=24772, stack(0x0000006eea700000,0x0000006eea800000)]
  0x000002261e3eabd0 JavaThread "Service Thread" daemon [_thread_blocked, id=30736, stack(0x0000006eea800000,0x0000006eea900000)]
  0x000002261e3ebda0 JavaThread "Monitor Deflation Thread" daemon [_thread_blocked, id=3176, stack(0x0000006eea900000,0x0000006eeaa00000)]
  0x000002261e3ec760 JavaThread "C1 CompilerThread0" daemon [_thread_blocked, id=31448, stack(0x0000006eeaa00000,0x0000006eeab00000)]
  0x000002261e3fdec0 JavaThread "Sweeper thread" daemon [_thread_blocked, id=5840, stack(0x0000006eeab00000,0x0000006eeac00000)]
  0x000002261e4aa400 JavaThread "Common-Cleaner" daemon [_thread_blocked, id=24160, stack(0x0000006eeac00000,0x0000006eead00000)]
  0x000002261e29da90 JavaThread "C1 CompilerThread1" daemon [_thread_blocked, id=32380, stack(0x0000006eead00000,0x0000006eeae00000)]
  0x000002261e29dfb0 JavaThread "C1 CompilerThread2" daemon [_thread_blocked, id=23028, stack(0x0000006eeae00000,0x0000006eeaf00000)]
  0x000002261e55ae80 JavaThread "JDWP Transport Listener: dt_socket" daemon [_thread_blocked, id=24664, stack(0x0000006eeaf00000,0x0000006eeb000000)]
  0x000002261e621270 JavaThread "JDWP Event Helper Thread" daemon [_thread_blocked, id=33636, stack(0x0000006eeb000000,0x0000006eeb100000)]
  0x000002261e621760 JavaThread "JDWP Command Reader" daemon [_thread_in_native, id=24820, stack(0x0000006eeb100000,0x0000006eeb200000)]
  0x000002261e6259f0 JavaThread "Notification Thread" daemon [_thread_blocked, id=24200, stack(0x0000006eeb200000,0x0000006eeb300000)]

Other Threads:
  0x000002261e2ae3d0 VMThread "VM Thread" [stack: 0x0000006eea300000,0x0000006eea400000] [id=24392]
  0x0000022606e089d0 GCTaskThread "GC Thread#0" [stack: 0x0000006ee9e00000,0x0000006ee9f00000] [id=22240]
  0x000002261ed2f290 GCTaskThread "GC Thread#1" [stack: 0x0000006eeb300000,0x0000006eeb400000] [id=31436]
  0x000002261ed2f960 GCTaskThread "GC Thread#2" [stack: 0x0000006eeb400000,0x0000006eeb500000] [id=14532]
  0x000002261ed31c30 GCTaskThread "GC Thread#3" [stack: 0x0000006eeb500000,0x0000006eeb600000] [id=31008]
  0x000002261ed36300 GCTaskThread "GC Thread#4" [stack: 0x0000006eeb600000,0x0000006eeb700000] [id=16912]
  0x000002261ed365c0 GCTaskThread "GC Thread#5" [stack: 0x0000006eeb700000,0x0000006eeb800000] [id=29032]
  0x000002261ed71260 GCTaskThread "GC Thread#6" [stack: 0x0000006eeb800000,0x0000006eeb900000] [id=17656]
  0x000002261ed71520 GCTaskThread "GC Thread#7" [stack: 0x0000006eeb900000,0x0000006eeba00000] [id=32152]
  0x000002261ed737f0 GCTaskThread "GC Thread#8" [stack: 0x0000006eeba00000,0x0000006eebb00000] [id=26276]
  0x000002261ed74760 GCTaskThread "GC Thread#9" [stack: 0x0000006eebb00000,0x0000006eebc00000] [id=9152]
  0x0000022604d0de80 ConcurrentGCThread "G1 Main Marker" [stack: 0x0000006ee9f00000,0x0000006eea000000] [id=20656]
  0x0000022604d0e890 ConcurrentGCThread "G1 Conc#0" [stack: 0x0000006eea000000,0x0000006eea100000] [id=28404]
  0x000002261e1685d0 ConcurrentGCThread "G1 Refine#0" [stack: 0x0000006eea100000,0x0000006eea200000] [id=33536]
  0x000002261e169000 ConcurrentGCThread "G1 Service" [stack: 0x0000006eea200000,0x0000006eea300000] [id=10312]

Threads with active compile tasks:

VM state: not at safepoint (normal execution)

VM Mutex/Monitor currently owned by a thread:  ([mutex/lock_event])
[0x0000022606d96420] Metaspace_lock - owner thread: 0x0000022606d9bb90

Heap address: 0x0000000704600000, size: 4026 MB, Compressed Oops mode: Zero based, Oop shift amount: 3

CDS archive(s) mapped at: [0x000002261f000000-0x000002261fbd0000-0x000002261fbd0000), size 12386304, SharedBaseAddress: 0x000002261f000000, ArchiveRelocationMode: 1.
Compressed class space mapped at: 0x0000022620000000-0x0000022660000000, reserved size: 1073741824
Narrow klass base: 0x000002261f000000, Narrow klass shift: 0, Narrow klass range: 0x100000000

GC Precious Log:
 CPUs: 16 total, 16 available
 Memory: 16098M
 Large Page Support: Disabled
 NUMA Support: Disabled
 Compressed Oops: Enabled (Zero based)
 Heap Region Size: 2M
 Heap Min Capacity: 8M
 Heap Initial Capacity: 252M
 Heap Max Capacity: 4026M
 Pre-touch: Disabled
 Parallel Workers: 13
 Concurrent Workers: 3
 Concurrent Refinement Workers: 13
 Periodic GC: Disabled

Heap:
 garbage-first heap   total 258048K, used 10729K [0x0000000704600000, 0x0000000800000000)
  region size 2048K, 3 young (6144K), 2 survivors (4096K)
 Metaspace       used 3297K, committed 3392K, reserved 1114112K
  class space    used 395K, committed 448K, reserved 1048576K

Heap Regions: E=young(eden), S=young(survivor), O=old, HS=humongous(starts), HC=humongous(continues), CS=collection set, F=free, OA=open archive, CA=closed archive, TAMS=top-at-mark-start (previous, next)
|   0|0x0000000704600000, 0x0000000704800000, 0x0000000704800000|100%| O|  |TAMS 0x0000000704600000, 0x0000000704600000| Untracked 
|   1|0x0000000704800000, 0x0000000704a00000, 0x0000000704a00000|100%| O|  |TAMS 0x0000000704800000, 0x0000000704800000| Untracked 
|   2|0x0000000704a00000, 0x0000000704c00000, 0x0000000704c00000|100%| O|  |TAMS 0x0000000704a00000, 0x0000000704a00000| Untracked 
|   3|0x0000000704c00000, 0x0000000704c7a600, 0x0000000704e00000| 23%| O|  |TAMS 0x0000000704c00000, 0x0000000704c00000| Untracked 
|   4|0x0000000704e00000, 0x0000000704e00000, 0x0000000705000000|  0%| F|  |TAMS 0x0000000704e00000, 0x0000000704e00000| Untracked 
|   5|0x0000000705000000, 0x0000000705000000, 0x0000000705200000|  0%| F|  |TAMS 0x0000000705000000, 0x0000000705000000| Untracked 
|   6|0x0000000705200000, 0x0000000705200000, 0x0000000705400000|  0%| F|  |TAMS 0x0000000705200000, 0x0000000705200000| Untracked 
|   7|0x0000000705400000, 0x0000000705400000, 0x0000000705600000|  0%| F|  |TAMS 0x0000000705400000, 0x0000000705400000| Untracked 
|   8|0x0000000705600000, 0x0000000705600000, 0x0000000705800000|  0%| F|  |TAMS 0x0000000705600000, 0x0000000705600000| Untracked 
|   9|0x0000000705800000, 0x0000000705800000, 0x0000000705a00000|  0%| F|  |TAMS 0x0000000705800000, 0x0000000705800000| Untracked 
|  10|0x0000000705a00000, 0x0000000705a00000, 0x0000000705c00000|  0%| F|  |TAMS 0x0000000705a00000, 0x0000000705a00000| Untracked 
|  11|0x0000000705c00000, 0x0000000705c00000, 0x0000000705e00000|  0%| F|  |TAMS 0x0000000705c00000, 0x0000000705c00000| Untracked 
|  12|0x0000000705e00000, 0x0000000705e00000, 0x0000000706000000|  0%| F|  |TAMS 0x0000000705e00000, 0x0000000705e00000| Untracked 
|  13|0x0000000706000000, 0x0000000706000000, 0x0000000706200000|  0%| F|  |TAMS 0x0000000706000000, 0x0000000706000000| Untracked 
|  14|0x0000000706200000, 0x0000000706200000, 0x0000000706400000|  0%| F|  |TAMS 0x0000000706200000, 0x0000000706200000| Untracked 
|  15|0x0000000706400000, 0x0000000706400000, 0x0000000706600000|  0%| F|  |TAMS 0x0000000706400000, 0x0000000706400000| Untracked 
|  16|0x0000000706600000, 0x0000000706600000, 0x0000000706800000|  0%| F|  |TAMS 0x0000000706600000, 0x0000000706600000| Untracked 
|  17|0x0000000706800000, 0x0000000706800000, 0x0000000706a00000|  0%| F|  |TAMS 0x0000000706800000, 0x0000000706800000| Untracked 
|  18|0x0000000706a00000, 0x0000000706a00000, 0x0000000706c00000|  0%| F|  |TAMS 0x0000000706a00000, 0x0000000706a00000| Untracked 
|  19|0x0000000706c00000, 0x0000000706c00000, 0x0000000706e00000|  0%| F|  |TAMS 0x0000000706c00000, 0x0000000706c00000| Untracked 
|  20|0x0000000706e00000, 0x0000000706e00000, 0x0000000707000000|  0%| F|  |TAMS 0x0000000706e00000, 0x0000000706e00000| Untracked 
|  21|0x0000000707000000, 0x0000000707000000, 0x0000000707200000|  0%| F|  |TAMS 0x0000000707000000, 0x0000000707000000| Untracked 
|  22|0x0000000707200000, 0x0000000707200000, 0x0000000707400000|  0%| F|  |TAMS 0x0000000707200000, 0x0000000707200000| Untracked 
|  23|0x0000000707400000, 0x0000000707400000, 0x0000000707600000|  0%| F|  |TAMS 0x0000000707400000, 0x0000000707400000| Untracked 
|  24|0x0000000707600000, 0x0000000707600000, 0x0000000707800000|  0%| F|  |TAMS 0x0000000707600000, 0x0000000707600000| Untracked 
|  25|0x0000000707800000, 0x0000000707800000, 0x0000000707a00000|  0%| F|  |TAMS 0x0000000707800000, 0x0000000707800000| Untracked 
|  26|0x0000000707a00000, 0x0000000707a00000, 0x0000000707c00000|  0%| F|  |TAMS 0x0000000707a00000, 0x0000000707a00000| Untracked 
|  27|0x0000000707c00000, 0x0000000707c00000, 0x0000000707e00000|  0%| F|  |TAMS 0x0000000707c00000, 0x0000000707c00000| Untracked 
|  28|0x0000000707e00000, 0x0000000707e00000, 0x0000000708000000|  0%| F|  |TAMS 0x0000000707e00000, 0x0000000707e00000| Untracked 
|  29|0x0000000708000000, 0x0000000708000000, 0x0000000708200000|  0%| F|  |TAMS 0x0000000708000000, 0x0000000708000000| Untracked 
|  30|0x0000000708200000, 0x0000000708200000, 0x0000000708400000|  0%| F|  |TAMS 0x0000000708200000, 0x0000000708200000| Untracked 
|  31|0x0000000708400000, 0x0000000708400000, 0x0000000708600000|  0%| F|  |TAMS 0x0000000708400000, 0x0000000708400000| Untracked 
|  32|0x0000000708600000, 0x0000000708600000, 0x0000000708800000|  0%| F|  |TAMS 0x0000000708600000, 0x0000000708600000| Untracked 
|  33|0x0000000708800000, 0x0000000708800000, 0x0000000708a00000|  0%| F|  |TAMS 0x0000000708800000, 0x0000000708800000| Untracked 
|  34|0x0000000708a00000, 0x0000000708a00000, 0x0000000708c00000|  0%| F|  |TAMS 0x0000000708a00000, 0x0000000708a00000| Untracked 
|  35|0x0000000708c00000, 0x0000000708c00000, 0x0000000708e00000|  0%| F|  |TAMS 0x0000000708c00000, 0x0000000708c00000| Untracked 
|  36|0x0000000708e00000, 0x0000000708e00000, 0x0000000709000000|  0%| F|  |TAMS 0x0000000708e00000, 0x0000000708e00000| Untracked 
|  37|0x0000000709000000, 0x0000000709000000, 0x0000000709200000|  0%| F|  |TAMS 0x0000000709000000, 0x0000000709000000| Untracked 
|  38|0x0000000709200000, 0x0000000709200000, 0x0000000709400000|  0%| F|  |TAMS 0x0000000709200000, 0x0000000709200000| Untracked 
|  39|0x0000000709400000, 0x0000000709400000, 0x0000000709600000|  0%| F|  |TAMS 0x0000000709400000, 0x0000000709400000| Untracked 
|  40|0x0000000709600000, 0x0000000709600000, 0x0000000709800000|  0%| F|  |TAMS 0x0000000709600000, 0x0000000709600000| Untracked 
|  41|0x0000000709800000, 0x0000000709800000, 0x0000000709a00000|  0%| F|  |TAMS 0x0000000709800000, 0x0000000709800000| Untracked 
|  42|0x0000000709a00000, 0x0000000709a00000, 0x0000000709c00000|  0%| F|  |TAMS 0x0000000709a00000, 0x0000000709a00000| Untracked 
|  43|0x0000000709c00000, 0x0000000709c00000, 0x0000000709e00000|  0%| F|  |TAMS 0x0000000709c00000, 0x0000000709c00000| Untracked 
|  44|0x0000000709e00000, 0x0000000709e00000, 0x000000070a000000|  0%| F|  |TAMS 0x0000000709e00000, 0x0000000709e00000| Untracked 
|  45|0x000000070a000000, 0x000000070a000000, 0x000000070a200000|  0%| F|  |TAMS 0x000000070a000000, 0x000000070a000000| Untracked 
|  46|0x000000070a200000, 0x000000070a200000, 0x000000070a400000|  0%| F|  |TAMS 0x000000070a200000, 0x000000070a200000| Untracked 
|  47|0x000000070a400000, 0x000000070a400000, 0x000000070a600000|  0%| F|  |TAMS 0x000000070a400000, 0x000000070a400000| Untracked 
|  48|0x000000070a600000, 0x000000070a600000, 0x000000070a800000|  0%| F|  |TAMS 0x000000070a600000, 0x000000070a600000| Untracked 
|  49|0x000000070a800000, 0x000000070a800000, 0x000000070aa00000|  0%| F|  |TAMS 0x000000070a800000, 0x000000070a800000| Untracked 
|  50|0x000000070aa00000, 0x000000070aa00000, 0x000000070ac00000|  0%| F|  |TAMS 0x000000070aa00000, 0x000000070aa00000| Untracked 
|  51|0x000000070ac00000, 0x000000070ac00000, 0x000000070ae00000|  0%| F|  |TAMS 0x000000070ac00000, 0x000000070ac00000| Untracked 
|  52|0x000000070ae00000, 0x000000070ae00000, 0x000000070b000000|  0%| F|  |TAMS 0x000000070ae00000, 0x000000070ae00000| Untracked 
|  53|0x000000070b000000, 0x000000070b000000, 0x000000070b200000|  0%| F|  |TAMS 0x000000070b000000, 0x000000070b000000| Untracked 
|  54|0x000000070b200000, 0x000000070b200000, 0x000000070b400000|  0%| F|  |TAMS 0x000000070b200000, 0x000000070b200000| Untracked 
|  55|0x000000070b400000, 0x000000070b400000, 0x000000070b600000|  0%| F|  |TAMS 0x000000070b400000, 0x000000070b400000| Untracked 
|  56|0x000000070b600000, 0x000000070b600000, 0x000000070b800000|  0%| F|  |TAMS 0x000000070b600000, 0x000000070b600000| Untracked 
|  57|0x000000070b800000, 0x000000070b800000, 0x000000070ba00000|  0%| F|  |TAMS 0x000000070b800000, 0x000000070b800000| Untracked 
|  58|0x000000070ba00000, 0x000000070ba00000, 0x000000070bc00000|  0%| F|  |TAMS 0x000000070ba00000, 0x000000070ba00000| Untracked 
|  59|0x000000070bc00000, 0x000000070bc00000, 0x000000070be00000|  0%| F|  |TAMS 0x000000070bc00000, 0x000000070bc00000| Untracked 
|  60|0x000000070be00000, 0x000000070be00000, 0x000000070c000000|  0%| F|  |TAMS 0x000000070be00000, 0x000000070be00000| Untracked 
|  61|0x000000070c000000, 0x000000070c000000, 0x000000070c200000|  0%| F|  |TAMS 0x000000070c000000, 0x000000070c000000| Untracked 
|  62|0x000000070c200000, 0x000000070c200000, 0x000000070c400000|  0%| F|  |TAMS 0x000000070c200000, 0x000000070c200000| Untracked 
|  63|0x000000070c400000, 0x000000070c400000, 0x000000070c600000|  0%| F|  |TAMS 0x000000070c400000, 0x000000070c400000| Untracked 
|  64|0x000000070c600000, 0x000000070c600000, 0x000000070c800000|  0%| F|  |TAMS 0x000000070c600000, 0x000000070c600000| Untracked 
|  65|0x000000070c800000, 0x000000070c800000, 0x000000070ca00000|  0%| F|  |TAMS 0x000000070c800000, 0x000000070c800000| Untracked 
|  66|0x000000070ca00000, 0x000000070ca00000, 0x000000070cc00000|  0%| F|  |TAMS 0x000000070ca00000, 0x000000070ca00000| Untracked 
|  67|0x000000070cc00000, 0x000000070cc00000, 0x000000070ce00000|  0%| F|  |TAMS 0x000000070cc00000, 0x000000070cc00000| Untracked 
|  68|0x000000070ce00000, 0x000000070ce00000, 0x000000070d000000|  0%| F|  |TAMS 0x000000070ce00000, 0x000000070ce00000| Untracked 
|  69|0x000000070d000000, 0x000000070d000000, 0x000000070d200000|  0%| F|  |TAMS 0x000000070d000000, 0x000000070d000000| Untracked 
|  70|0x000000070d200000, 0x000000070d200000, 0x000000070d400000|  0%| F|  |TAMS 0x000000070d200000, 0x000000070d200000| Untracked 
|  71|0x000000070d400000, 0x000000070d400000, 0x000000070d600000|  0%| F|  |TAMS 0x000000070d400000, 0x000000070d400000| Untracked 
|  72|0x000000070d600000, 0x000000070d600000, 0x000000070d800000|  0%| F|  |TAMS 0x000000070d600000, 0x000000070d600000| Untracked 
|  73|0x000000070d800000, 0x000000070d800000, 0x000000070da00000|  0%| F|  |TAMS 0x000000070d800000, 0x000000070d800000| Untracked 
|  74|0x000000070da00000, 0x000000070da00000, 0x000000070dc00000|  0%| F|  |TAMS 0x000000070da00000, 0x000000070da00000| Untracked 
|  75|0x000000070dc00000, 0x000000070dc00000, 0x000000070de00000|  0%| F|  |TAMS 0x000000070dc00000, 0x000000070dc00000| Untracked 
|  76|0x000000070de00000, 0x000000070de00000, 0x000000070e000000|  0%| F|  |TAMS 0x000000070de00000, 0x000000070de00000| Untracked 
|  77|0x000000070e000000, 0x000000070e000000, 0x000000070e200000|  0%| F|  |TAMS 0x000000070e000000, 0x000000070e000000| Untracked 
|  78|0x000000070e200000, 0x000000070e200000, 0x000000070e400000|  0%| F|  |TAMS 0x000000070e200000, 0x000000070e200000| Untracked 
|  79|0x000000070e400000, 0x000000070e400000, 0x000000070e600000|  0%| F|  |TAMS 0x000000070e400000, 0x000000070e400000| Untracked 
|  80|0x000000070e600000, 0x000000070e600000, 0x000000070e800000|  0%| F|  |TAMS 0x000000070e600000, 0x000000070e600000| Untracked 
|  81|0x000000070e800000, 0x000000070e800000, 0x000000070ea00000|  0%| F|  |TAMS 0x000000070e800000, 0x000000070e800000| Untracked 
|  82|0x000000070ea00000, 0x000000070ea00000, 0x000000070ec00000|  0%| F|  |TAMS 0x000000070ea00000, 0x000000070ea00000| Untracked 
|  83|0x000000070ec00000, 0x000000070ec00000, 0x000000070ee00000|  0%| F|  |TAMS 0x000000070ec00000, 0x000000070ec00000| Untracked 
|  84|0x000000070ee00000, 0x000000070ee00000, 0x000000070f000000|  0%| F|  |TAMS 0x000000070ee00000, 0x000000070ee00000| Untracked 
|  85|0x000000070f000000, 0x000000070f000000, 0x000000070f200000|  0%| F|  |TAMS 0x000000070f000000, 0x000000070f000000| Untracked 
|  86|0x000000070f200000, 0x000000070f200000, 0x000000070f400000|  0%| F|  |TAMS 0x000000070f200000, 0x000000070f200000| Untracked 
|  87|0x000000070f400000, 0x000000070f400000, 0x000000070f600000|  0%| F|  |TAMS 0x000000070f400000, 0x000000070f400000| Untracked 
|  88|0x000000070f600000, 0x000000070f600000, 0x000000070f800000|  0%| F|  |TAMS 0x000000070f600000, 0x000000070f600000| Untracked 
|  89|0x000000070f800000, 0x000000070f800000, 0x000000070fa00000|  0%| F|  |TAMS 0x000000070f800000, 0x000000070f800000| Untracked 
|  90|0x000000070fa00000, 0x000000070fa00000, 0x000000070fc00000|  0%| F|  |TAMS 0x000000070fa00000, 0x000000070fa00000| Untracked 
|  91|0x000000070fc00000, 0x000000070fc00000, 0x000000070fe00000|  0%| F|  |TAMS 0x000000070fc00000, 0x000000070fc00000| Untracked 
|  92|0x000000070fe00000, 0x000000070fe00000, 0x0000000710000000|  0%| F|  |TAMS 0x000000070fe00000, 0x000000070fe00000| Untracked 
|  93|0x0000000710000000, 0x0000000710000000, 0x0000000710200000|  0%| F|  |TAMS 0x0000000710000000, 0x0000000710000000| Untracked 
|  94|0x0000000710200000, 0x0000000710200000, 0x0000000710400000|  0%| F|  |TAMS 0x0000000710200000, 0x0000000710200000| Untracked 
|  95|0x0000000710400000, 0x0000000710400000, 0x0000000710600000|  0%| F|  |TAMS 0x0000000710400000, 0x0000000710400000| Untracked 
|  96|0x0000000710600000, 0x0000000710600000, 0x0000000710800000|  0%| F|  |TAMS 0x0000000710600000, 0x0000000710600000| Untracked 
|  97|0x0000000710800000, 0x0000000710800000, 0x0000000710a00000|  0%| F|  |TAMS 0x0000000710800000, 0x0000000710800000| Untracked 
|  98|0x0000000710a00000, 0x0000000710a00000, 0x0000000710c00000|  0%| F|  |TAMS 0x0000000710a00000, 0x0000000710a00000| Untracked 
|  99|0x0000000710c00000, 0x0000000710c00000, 0x0000000710e00000|  0%| F|  |TAMS 0x0000000710c00000, 0x0000000710c00000| Untracked 
| 100|0x0000000710e00000, 0x0000000710e00000, 0x0000000711000000|  0%| F|  |TAMS 0x0000000710e00000, 0x0000000710e00000| Untracked 
| 101|0x0000000711000000, 0x0000000711000000, 0x0000000711200000|  0%| F|  |TAMS 0x0000000711000000, 0x0000000711000000| Untracked 
| 102|0x0000000711200000, 0x0000000711200000, 0x0000000711400000|  0%| F|  |TAMS 0x0000000711200000, 0x0000000711200000| Untracked 
| 103|0x0000000711400000, 0x0000000711400000, 0x0000000711600000|  0%| F|  |TAMS 0x0000000711400000, 0x0000000711400000| Untracked 
| 104|0x0000000711600000, 0x0000000711600000, 0x0000000711800000|  0%| F|  |TAMS 0x0000000711600000, 0x0000000711600000| Untracked 
| 105|0x0000000711800000, 0x0000000711800000, 0x0000000711a00000|  0%| F|  |TAMS 0x0000000711800000, 0x0000000711800000| Untracked 
| 106|0x0000000711a00000, 0x0000000711a00000, 0x0000000711c00000|  0%| F|  |TAMS 0x0000000711a00000, 0x0000000711a00000| Untracked 
| 107|0x0000000711c00000, 0x0000000711c00000, 0x0000000711e00000|  0%| F|  |TAMS 0x0000000711c00000, 0x0000000711c00000| Untracked 
| 108|0x0000000711e00000, 0x0000000711e00000, 0x0000000712000000|  0%| F|  |TAMS 0x0000000711e00000, 0x0000000711e00000| Untracked 
| 109|0x0000000712000000, 0x0000000712000000, 0x0000000712200000|  0%| F|  |TAMS 0x0000000712000000, 0x0000000712000000| Untracked 
| 110|0x0000000712200000, 0x0000000712200000, 0x0000000712400000|  0%| F|  |TAMS 0x0000000712200000, 0x0000000712200000| Untracked 
| 111|0x0000000712400000, 0x0000000712400000, 0x0000000712600000|  0%| F|  |TAMS 0x0000000712400000, 0x0000000712400000| Untracked 
| 112|0x0000000712600000, 0x0000000712600000, 0x0000000712800000|  0%| F|  |TAMS 0x0000000712600000, 0x0000000712600000| Untracked 
| 113|0x0000000712800000, 0x0000000712a00000, 0x0000000712a00000|100%| S|CS|TAMS 0x0000000712800000, 0x0000000712800000| Complete 
| 114|0x0000000712a00000, 0x0000000712c00000, 0x0000000712c00000|100%| S|CS|TAMS 0x0000000712a00000, 0x0000000712a00000| Complete 
| 115|0x0000000712c00000, 0x0000000712c00000, 0x0000000712e00000|  0%| F|  |TAMS 0x0000000712c00000, 0x0000000712c00000| Untracked 
| 116|0x0000000712e00000, 0x0000000712e00000, 0x0000000713000000|  0%| F|  |TAMS 0x0000000712e00000, 0x0000000712e00000| Untracked 
| 117|0x0000000713000000, 0x0000000713000000, 0x0000000713200000|  0%| F|  |TAMS 0x0000000713000000, 0x0000000713000000| Untracked 
| 118|0x0000000713200000, 0x0000000713200000, 0x0000000713400000|  0%| F|  |TAMS 0x0000000713200000, 0x0000000713200000| Untracked 
| 119|0x0000000713400000, 0x0000000713400000, 0x0000000713600000|  0%| F|  |TAMS 0x0000000713400000, 0x0000000713400000| Untracked 
| 120|0x0000000713600000, 0x0000000713600000, 0x0000000713800000|  0%| F|  |TAMS 0x0000000713600000, 0x0000000713600000| Untracked 
| 121|0x0000000713800000, 0x0000000713800000, 0x0000000713a00000|  0%| F|  |TAMS 0x0000000713800000, 0x0000000713800000| Untracked 
| 122|0x0000000713a00000, 0x0000000713a00000, 0x0000000713c00000|  0%| F|  |TAMS 0x0000000713a00000, 0x0000000713a00000| Untracked 
| 123|0x0000000713c00000, 0x0000000713c00000, 0x0000000713e00000|  0%| F|  |TAMS 0x0000000713c00000, 0x0000000713c00000| Untracked 
| 124|0x0000000713e00000, 0x0000000713e00000, 0x0000000714000000|  0%| F|  |TAMS 0x0000000713e00000, 0x0000000713e00000| Untracked 
| 125|0x0000000714000000, 0x00000007140df6d8, 0x0000000714200000| 43%| E|  |TAMS 0x0000000714000000, 0x0000000714000000| Complete 

Card table byte_map: [0x0000022612480000,0x0000022612c60000] _byte_map_base: 0x000002260ec5d000

Marking Bits (Prev, Next): (CMBitMap*) 0x0000022606e08ff0, (CMBitMap*) 0x0000022606e09030
 Prev Bits: [0x0000022613440000, 0x0000022617328000)
 Next Bits: [0x0000022617330000, 0x000002261b218000)

Polling page: 0x0000022606560000

Metaspace:

Usage:
  Non-class:      2.83 MB used.
      Class:    395.09 KB used.
       Both:      3.22 MB used.

Virtual space:
  Non-class space:       64.00 MB reserved,       2.88 MB (  4%) committed,  1 nodes.
      Class space:        1.00 GB reserved,     448.00 KB ( <1%) committed,  1 nodes.
             Both:        1.06 GB reserved,       3.31 MB ( <1%) committed. 

Chunk freelists:
   Non-Class:  11.94 MB
       Class:  15.59 MB
        Both:  27.53 MB

MaxMetaspaceSize: unlimited
CompressedClassSpaceSize: 1.00 GB
Initial GC threshold: 21.00 MB
Current GC threshold: 21.00 MB
CDS: on
MetaspaceReclaimPolicy: balanced
 - commit_granule_bytes: 65536.
 - commit_granule_words: 8192.
 - virtual_space_node_default_size: 8388608.
 - enlarge_chunks_in_place: 1.
 - new_chunks_are_fully_committed: 0.
 - uncommit_free_chunks: 1.
 - use_allocation_guard: 0.
 - handle_deallocations: 1.


Internal statistics:

num_allocs_failed_limit: 0.
num_arena_births: 66.
num_arena_deaths: 0.
num_vsnodes_births: 2.
num_vsnodes_deaths: 0.
num_space_committed: 53.
num_space_uncommitted: 0.
num_chunks_returned_to_freelist: 0.
num_chunks_taken_from_freelist: 68.
num_chunk_merges: 0.
num_chunk_splits: 49.
num_chunks_enlarged: 30.
num_inconsistent_stats: 0.

CodeCache: size=49152Kb used=3643Kb max_used=3643Kb free=45508Kb
 bounds [0x000002260e630000, 0x000002260e9c0000, 0x0000022611630000]
 total_blobs=1351 nmethods=928 adapters=349
 compilation: enabled
              stopped_count=0, restarted_count=0
 full_count=0

Compilation events (20 events):
Event: 0.373 Thread 0x000002261e29da90  918       1       sun.security.util.KnownOIDs::registerNames (2 bytes)
Event: 0.373 Thread 0x000002261e29da90 nmethod 918 0x000002260e9b7890 code [0x000002260e9b7a20, 0x000002260e9b7af8]
Event: 0.373 Thread 0x000002261e3ec760  919       1       java.lang.StringLatin1::toUpperCase (186 bytes)
Event: 0.374 Thread 0x000002261e3ec760 nmethod 919 0x000002260e9b7b90 code [0x000002260e9b7da0, 0x000002260e9b83f8]
Event: 0.374 Thread 0x000002261e29da90  920       1       java.lang.String::toUpperCase (29 bytes)
Event: 0.374 Thread 0x000002261e3ec760  921       1       java.util.Objects::nonNull (10 bytes)
Event: 0.374 Thread 0x000002261e3ec760 nmethod 921 0x000002260e9b8810 code [0x000002260e9b89a0, 0x000002260e9b8a58]
Event: 0.374 Thread 0x000002261e3ec760  922       1       sun.security.util.KnownOIDs::register (349 bytes)
Event: 0.374 Thread 0x000002261e29da90 nmethod 920 0x000002260e9b8b10 code [0x000002260e9b8cc0, 0x000002260e9b8e38]
Event: 0.375 Thread 0x000002261e29da90  923  s    1       java.util.Properties::put (10 bytes)
Event: 0.375 Thread 0x000002261e29dfb0  924       1       java.util.HashMap::entrySet (27 bytes)
Event: 0.375 Thread 0x000002261e29da90 nmethod 923 0x000002260e9b8f10 code [0x000002260e9b90a0, 0x000002260e9b9268]
Event: 0.375 Thread 0x000002261e29dfb0 nmethod 924 0x000002260e9b9390 code [0x000002260e9b9520, 0x000002260e9b9738]
Event: 0.375 Thread 0x000002261e29dfb0  925       1       java.lang.invoke.MethodHandles$Lookup::isClassAccessible (53 bytes)
Event: 0.375 Thread 0x000002261e3ec760 nmethod 922 0x000002260e9b9810 code [0x000002260e9b9e00, 0x000002260e9bbed8]
Event: 0.375 Thread 0x000002261e29da90  926       1       java.lang.invoke.TypeConvertingMethodAdapter::descriptorToName (36 bytes)
Event: 0.375 Thread 0x000002261e29dfb0 nmethod 925 0x000002260e9bd090 code [0x000002260e9bd260, 0x000002260e9bd4f8]
Event: 0.376 Thread 0x000002261e29da90 nmethod 926 0x000002260e9bd690 code [0x000002260e9bd880, 0x000002260e9bdc68]
Event: 0.376 Thread 0x000002261e29da90  928       1       jdk.internal.org.objectweb.asm.Frame::setLocal (65 bytes)
Event: 0.377 Thread 0x000002261e29da90 nmethod 928 0x000002260e9be590 code [0x000002260e9be740, 0x000002260e9beb48]

GC Heap History (2 events):
Event: 0.361 GC heap before
{Heap before GC invocations=0 (full 0):
 garbage-first heap   total 258048K, used 20480K [0x0000000704600000, 0x0000000800000000)
  region size 2048K, 11 young (22528K), 0 survivors (0K)
 Metaspace       used 2950K, committed 3072K, reserved 1114112K
  class space    used 349K, committed 448K, reserved 1048576K
}
Event: 0.365 GC heap after
{Heap after GC invocations=1 (full 0):
 garbage-first heap   total 258048K, used 10729K [0x0000000704600000, 0x0000000800000000)
  region size 2048K, 2 young (4096K), 2 survivors (4096K)
 Metaspace       used 2950K, committed 3072K, reserved 1114112K
  class space    used 349K, committed 448K, reserved 1048576K
}

Deoptimization events (20 events):
Event: 0.235 Thread 0x0000022606d9bb90 DEOPT PACKING pc=0x000002260e8dd8cc sp=0x0000006ee9dfccf0
Event: 0.235 Thread 0x0000022606d9bb90 DEOPT UNPACKING pc=0x000002260e682b43 sp=0x0000006ee9dfc0b8 mode 1
Event: 0.235 Thread 0x0000022606d9bb90 DEOPT PACKING pc=0x000002260e915bbc sp=0x0000006ee9dfcdb0
Event: 0.235 Thread 0x0000022606d9bb90 DEOPT UNPACKING pc=0x000002260e682b43 sp=0x0000006ee9dfc320 mode 1
Event: 0.235 Thread 0x0000022606d9bb90 DEOPT PACKING pc=0x000002260e914174 sp=0x0000006ee9dfcee0
Event: 0.235 Thread 0x0000022606d9bb90 DEOPT UNPACKING pc=0x000002260e682b43 sp=0x0000006ee9dfc400 mode 1
Event: 0.235 Thread 0x0000022606d9bb90 DEOPT PACKING pc=0x000002260e9113f4 sp=0x0000006ee9dfcfc0
Event: 0.235 Thread 0x0000022606d9bb90 DEOPT UNPACKING pc=0x000002260e682b43 sp=0x0000006ee9dfc3b0 mode 1
Event: 0.235 Thread 0x0000022606d9bb90 DEOPT PACKING pc=0x000002260e9168fc sp=0x0000006ee9dfcac0
Event: 0.235 Thread 0x0000022606d9bb90 DEOPT UNPACKING pc=0x000002260e682b43 sp=0x0000006ee9dfbfe8 mode 1
Event: 0.235 Thread 0x0000022606d9bb90 DEOPT PACKING pc=0x000002260e91721c sp=0x0000006ee9dfcba0
Event: 0.235 Thread 0x0000022606d9bb90 DEOPT UNPACKING pc=0x000002260e682b43 sp=0x0000006ee9dfc128 mode 1
Event: 0.235 Thread 0x0000022606d9bb90 DEOPT PACKING pc=0x000002260e8dd8cc sp=0x0000006ee9dfccf0
Event: 0.235 Thread 0x0000022606d9bb90 DEOPT UNPACKING pc=0x000002260e682b43 sp=0x0000006ee9dfc0b8 mode 1
Event: 0.235 Thread 0x0000022606d9bb90 DEOPT PACKING pc=0x000002260e915bbc sp=0x0000006ee9dfcdb0
Event: 0.235 Thread 0x0000022606d9bb90 DEOPT UNPACKING pc=0x000002260e682b43 sp=0x0000006ee9dfc320 mode 1
Event: 0.235 Thread 0x0000022606d9bb90 DEOPT PACKING pc=0x000002260e914174 sp=0x0000006ee9dfcee0
Event: 0.235 Thread 0x0000022606d9bb90 DEOPT UNPACKING pc=0x000002260e682b43 sp=0x0000006ee9dfc400 mode 1
Event: 0.235 Thread 0x0000022606d9bb90 DEOPT PACKING pc=0x000002260e9113f4 sp=0x0000006ee9dfcfc0
Event: 0.235 Thread 0x0000022606d9bb90 DEOPT UNPACKING pc=0x000002260e682b43 sp=0x0000006ee9dfc3b0 mode 1

Classes unloaded (0 events):
No events

Classes redefined (0 events):
No events

Internal exceptions (7 events):
Event: 0.256 Thread 0x0000022606d9bb90 Exception <a 'java/lang/NoSuchMethodError'{0x000000071314e778}: 'java.lang.Object java.lang.invoke.DirectMethodHandle$Holder.invokeStaticInit(java.lang.Object)'> (0x000000071314e778) 
thrown [s\open\src\hotspot\share\interpreter\linkResolver.cpp, line 759]
Event: 0.268 Thread 0x0000022606d9bb90 Exception <a 'java/lang/NoSuchMethodError'{0x00000007131fea78}: 'int java.lang.invoke.DirectMethodHandle$Holder.invokeInterface(java.lang.Object, java.lang.Object)'> (0x00000007131fea78) 
thrown [s\open\src\hotspot\share\interpreter\linkResolver.cpp, line 759]
Event: 0.268 Thread 0x0000022606d9bb90 Exception <a 'java/lang/IncompatibleClassChangeError'{0x0000000712e020f8}: Found class java.lang.Object, but interface was expected> (0x0000000712e020f8) 
thrown [s\open\src\hotspot\share\interpreter\linkResolver.cpp, line 826]
Event: 0.269 Thread 0x0000022606d9bb90 Exception <a 'java/lang/NoSuchMethodError'{0x0000000712e08368}: 'void java.lang.invoke.DirectMethodHandle$Holder.invokeStatic(java.lang.Object, java.lang.Object)'> (0x0000000712e08368) 
thrown [s\open\src\hotspot\share\interpreter\linkResolver.cpp, line 759]
Event: 0.304 Thread 0x0000022606d9bb90 Exception <a 'java/lang/NoSuchMethodError'{0x0000000712f81a00}: 'int java.lang.invoke.DirectMethodHandle$Holder.invokeSpecial(java.lang.Object, java.lang.Object, java.lang.Object)'> (0x0000000712f81a00) 
thrown [s\open\src\hotspot\share\interpreter\linkResolver.cpp, line 759]
Event: 0.345 Thread 0x0000022606d9bb90 Exception <a 'java/lang/NoSuchMethodError'{0x0000000712d53e08}: 'void java.lang.invoke.DirectMethodHandle$Holder.invokeStatic(java.lang.Object, java.lang.Object, java.lang.Object)'> (0x0000000712d53e08) 
thrown [s\open\src\hotspot\share\interpreter\linkResolver.cpp, line 759]
Event: 0.353 Thread 0x0000022606d9bb90 Exception <a 'java/lang/NoSuchMethodError'{0x0000000712db7520}: 'int java.lang.invoke.DirectMethodHandle$Holder.invokeSpecialIFC(java.lang.Object, java.lang.Object, java.lang.Object)'> (0x0000000712db7520) 
thrown [s\open\src\hotspot\share\interpreter\linkResolver.cpp, line 759]

VM Operations (20 events):
Event: 0.089 Executing VM operation: HandshakeAllThreads
Event: 0.089 Executing VM operation: HandshakeAllThreads done
Event: 0.098 Executing VM operation: ChangeBreakpoints
Event: 0.098 Executing VM operation: ChangeBreakpoints done
Event: 0.103 Executing VM operation: ChangeBreakpoints
Event: 0.103 Executing VM operation: ChangeBreakpoints done
Event: 0.103 Executing VM operation: ChangeBreakpoints
Event: 0.103 Executing VM operation: ChangeBreakpoints done
Event: 0.245 Executing VM operation: HandshakeAllThreads
Event: 0.245 Executing VM operation: HandshakeAllThreads done
Event: 0.272 Executing VM operation: HandshakeAllThreads
Event: 0.272 Executing VM operation: HandshakeAllThreads done
Event: 0.273 Executing VM operation: HandshakeAllThreads
Event: 0.273 Executing VM operation: HandshakeAllThreads done
Event: 0.359 Executing VM operation: HandshakeAllThreads
Event: 0.359 Executing VM operation: HandshakeAllThreads done
Event: 0.360 Executing VM operation: G1CollectForAllocation
Event: 0.365 Executing VM operation: G1CollectForAllocation done
Event: 0.369 Executing VM operation: HandshakeAllThreads
Event: 0.369 Executing VM operation: HandshakeAllThreads done

Events (20 events):
Event: 0.375 loading class sun/security/provider/DRBG
Event: 0.375 loading class java/security/SecureRandomSpi
Event: 0.375 loading class java/security/SecureRandomSpi done
Event: 0.375 loading class sun/security/provider/DRBG done
Event: 0.376 loading class java/security/DrbgParameters$Capability
Event: 0.376 loading class java/security/DrbgParameters$Capability done
Event: 0.376 loading class sun/security/provider/MoreDrbgParameters
Event: 0.376 loading class sun/security/provider/MoreDrbgParameters done
Event: 0.376 loading class java/security/DrbgParameters
Event: 0.376 loading class java/security/DrbgParameters done
Event: 0.376 loading class java/security/DrbgParameters$Instantiation
Event: 0.376 loading class java/security/DrbgParameters$Instantiation done
Event: 0.376 loading class sun/security/provider/HashDrbg
Event: 0.376 loading class sun/security/provider/AbstractHashDrbg
Event: 0.376 loading class sun/security/provider/AbstractDrbg
Event: 0.376 loading class sun/security/provider/AbstractDrbg done
Event: 0.376 loading class sun/security/provider/AbstractHashDrbg done
Event: 0.376 loading class sun/security/provider/HashDrbg done
Event: 0.376 loading class sun/security/provider/EntropySource
Event: 0.376 loading class sun/security/provider/EntropySource done


Dynamic libraries:
0x00007ff6ef980000 - 0x00007ff6ef990000 	C:\Program Files\Java\jdk-17\bin\java.exe
0x00007ffdd3f10000 - 0x00007ffdd4108000 	C:\Windows\SYSTEM32\ntdll.dll
0x00007ffdd3b20000 - 0x00007ffdd3bdd000 	C:\Windows\System32\KERNEL32.DLL
0x00007ffdd1860000 - 0x00007ffdd1b56000 	C:\Windows\System32\KERNELBASE.dll
0x00007ffdd1620000 - 0x00007ffdd1720000 	C:\Windows\System32\ucrtbase.dll
0x00007ffdc8cb0000 - 0x00007ffdc8cc9000 	C:\Program Files\Java\jdk-17\bin\jli.dll
0x00007ffdc7db0000 - 0x00007ffdc7dcb000 	C:\Program Files\Java\jdk-17\bin\VCRUNTIME140.dll
0x00007ffdd3940000 - 0x00007ffdd39ef000 	C:\Windows\System32\ADVAPI32.dll
0x00007ffdd2440000 - 0x00007ffdd24de000 	C:\Windows\System32\msvcrt.dll
0x00007ffdd2690000 - 0x00007ffdd272c000 	C:\Windows\System32\sechost.dll
0x00007ffdd3da0000 - 0x00007ffdd3ec6000 	C:\Windows\System32\RPCRT4.dll
0x00007ffdd3670000 - 0x00007ffdd380e000 	C:\Windows\System32\USER32.dll
0x00007ffdd1720000 - 0x00007ffdd1742000 	C:\Windows\System32\win32u.dll
0x00007ffd98fe0000 - 0x00007ffd9927a000 	C:\Windows\WinSxS\amd64_microsoft.windows.common-controls_6595b64144ccf1df_6.0.19041.3636_none_60b6a03d71f818d5\COMCTL32.dll
0x00007ffdd2730000 - 0x00007ffdd275c000 	C:\Windows\System32\GDI32.dll
0x00007ffdd1b60000 - 0x00007ffdd1c7a000 	C:\Windows\System32\gdi32full.dll
0x00007ffdd1750000 - 0x00007ffdd17ed000 	C:\Windows\System32\msvcp_win.dll
0x00007ffdc0670000 - 0x00007ffdc067a000 	C:\Windows\SYSTEM32\VERSION.dll
0x00007ffdd3130000 - 0x00007ffdd3160000 	C:\Windows\System32\IMM32.DLL
0x00007ffdc8600000 - 0x00007ffdc860c000 	C:\Program Files\Java\jdk-17\bin\vcruntime140_1.dll
0x00007ffdbab30000 - 0x00007ffdbabbe000 	C:\Program Files\Java\jdk-17\bin\msvcp140.dll
0x00007ffd86e70000 - 0x00007ffd87a51000 	C:\Program Files\Java\jdk-17\bin\server\jvm.dll
0x00007ffdd3be0000 - 0x00007ffdd3be8000 	C:\Windows\System32\PSAPI.DLL
0x00007ffdbba60000 - 0x00007ffdbba69000 	C:\Windows\SYSTEM32\WSOCK32.dll
0x00007ffdd3d10000 - 0x00007ffdd3d7b000 	C:\Windows\System32\WS2_32.dll
0x00007ffdb1600000 - 0x00007ffdb1627000 	C:\Windows\SYSTEM32\WINMM.dll
0x00007ffdcfe40000 - 0x00007ffdcfe52000 	C:\Windows\SYSTEM32\kernel.appcore.dll
0x00007ffdc7da0000 - 0x00007ffdc7daa000 	C:\Program Files\Java\jdk-17\bin\jimage.dll
0x00007ffdcf1c0000 - 0x00007ffdcf3a4000 	C:\Windows\SYSTEM32\DBGHELP.DLL
0x00007ffdc6710000 - 0x00007ffdc6744000 	C:\Windows\SYSTEM32\dbgcore.DLL
0x00007ffdd1e30000 - 0x00007ffdd1eb2000 	C:\Windows\System32\bcryptPrimitives.dll
0x00007ffdbaaf0000 - 0x00007ffdbab2b000 	C:\Program Files\Java\jdk-17\bin\jdwp.dll
0x00007ffdc6a10000 - 0x00007ffdc6a1e000 	C:\Program Files\Java\jdk-17\bin\instrument.dll
0x00007ffdc5c50000 - 0x00007ffdc5c75000 	C:\Program Files\Java\jdk-17\bin\java.dll
0x00007ffdc0aa0000 - 0x00007ffdc0ab8000 	C:\Program Files\Java\jdk-17\bin\zip.dll
0x00007ffd9bf70000 - 0x00007ffd9c047000 	C:\Program Files\Java\jdk-17\bin\jsvml.dll
0x00007ffdd2920000 - 0x00007ffdd3065000 	C:\Windows\System32\SHELL32.dll
0x00007ffdcf690000 - 0x00007ffdcfe2b000 	C:\Windows\SYSTEM32\windows.storage.dll
0x00007ffdd20e0000 - 0x00007ffdd2434000 	C:\Windows\System32\combase.dll
0x00007ffdd1030000 - 0x00007ffdd105d000 	C:\Windows\SYSTEM32\Wldp.dll
0x00007ffdd3a70000 - 0x00007ffdd3b1d000 	C:\Windows\System32\SHCORE.dll
0x00007ffdd3070000 - 0x00007ffdd30c5000 	C:\Windows\System32\shlwapi.dll
0x00007ffdd1520000 - 0x00007ffdd1545000 	C:\Windows\SYSTEM32\profapi.dll
0x00007ffdc0a90000 - 0x00007ffdc0a9c000 	C:\Program Files\Java\jdk-17\bin\dt_socket.dll
0x00007ffdd0a30000 - 0x00007ffdd0a6b000 	C:\Windows\SYSTEM32\IPHLPAPI.DLL
0x00007ffdd0d90000 - 0x00007ffdd0dfa000 	C:\Windows\system32\mswsock.dll
0x00007ffdc6ab0000 - 0x00007ffdc6ac9000 	C:\Program Files\Java\jdk-17\bin\net.dll
0x00007ffdc9cc0000 - 0x00007ffdc9dca000 	C:\Windows\SYSTEM32\WINHTTP.dll
0x00007ffdc5c90000 - 0x00007ffdc5ca6000 	C:\Program Files\Java\jdk-17\bin\nio.dll
0x00007ffdd0a70000 - 0x00007ffdd0b3a000 	C:\Windows\SYSTEM32\DNSAPI.dll
0x00007ffdd35d0000 - 0x00007ffdd35d8000 	C:\Windows\System32\NSI.dll
0x00007ffdc8700000 - 0x00007ffdc870a000 	C:\Windows\System32\rasadhlp.dll
0x00007ffdc7ed0000 - 0x00007ffdc7f50000 	C:\Windows\System32\fwpuclnt.dll
0x00007ffdd15f0000 - 0x00007ffdd1617000 	C:\Windows\System32\bcrypt.dll
0x00007ffdbaad0000 - 0x00007ffdbaada000 	C:\Program Files\Java\jdk-17\bin\management.dll
0x00007ffdbaac0000 - 0x00007ffdbaacb000 	C:\Program Files\Java\jdk-17\bin\management_ext.dll

dbghelp: loaded successfully - version: 4.0.5 - missing functions: none
symbol engine: initialized successfully - sym options: 0x614 - pdb path: .;C:\Program Files\Java\jdk-17\bin;C:\Windows\SYSTEM32;C:\Windows\WinSxS\amd64_microsoft.windows.common-controls_6595b64144ccf1df_6.0.19041.3636_none_60b6a03d71f818d5;C:\Program Files\Java\jdk-17\bin\server

VM Arguments:
jvm_args: -agentlib:jdwp=transport=dt_socket,address=127.0.0.1:64987,suspend=y,server=n -XX:TieredStopAtLevel=1 -Dspring.output.ansi.enabled=always -Dcom.sun.management.jmxremote -Dspring.jmx.enabled=true -Dspring.liveBeansView.mbeanDomain -Dspring.application.admin.enabled=true -Dmanagement.endpoints.jmx.exposure.include=* -javaagent:C:\Users\LGCNS~1\AppData\Local\Temp\captureAgent2543jars\debugger-agent.jar -Dfile.encoding=UTF-8 
java_command: employee.example.EmployeeProjetc.EmployeeProjetcApplication
java_class_path (initial): D:\Employee_Management_BE\target\classes;C:\Users\LG CNS\.m2\repository\org\springframework\boot\spring-boot-starter-data-jpa\3.2.0\spring-boot-starter-data-jpa-3.2.0.jar;C:\Users\LG CNS\.m2\repository\org\springframework\boot\spring-boot-starter-aop\3.2.0\spring-boot-starter-aop-3.2.0.jar;C:\Users\LG CNS\.m2\repository\org\aspectj\aspectjweaver\1.9.20.1\aspectjweaver-1.9.20.1.jar;C:\Users\LG CNS\.m2\repository\org\springframework\boot\spring-boot-starter-jdbc\3.2.0\spring-boot-starter-jdbc-3.2.0.jar;C:\Users\LG CNS\.m2\repository\com\zaxxer\HikariCP\5.0.1\HikariCP-5.0.1.jar;C:\Users\LG CNS\.m2\repository\org\springframework\spring-jdbc\6.1.1\spring-jdbc-6.1.1.jar;C:\Users\LG CNS\.m2\repository\org\hibernate\orm\hibernate-core\6.3.1.Final\hibernate-core-6.3.1.Final.jar;C:\Users\LG CNS\.m2\repository\jakarta\persistence\jakarta.persistence-api\3.1.0\jakarta.persistence-api-3.1.0.jar;C:\Users\LG CNS\.m2\repository\jakarta\transaction\jakarta.transaction-api\2.0.1\jakarta.transaction-api-2.0.1.jar;C:\Users\LG CNS\.m2\repository\org\jboss\logging\jboss-logging\3.5.3.Final\jboss-logging-3.5.3.Final.jar;C:\Users\LG CNS\.m2\repository\org\hibernate\common\hibernate-commons-annotations\6.0.6.Final\hibernate-commons-annotations-6.0.6.Final.jar;C:\Users\LG CNS\.m2\repository\io\smallrye\jandex\3.1.2\jandex-3.1.2.jar;C:\Users\LG CNS\.m2\repository\com\fasterxml\classmate\1.6.0\classmate-1.6.0.jar;C:\Users\LG CNS\.m2\repository\net\bytebuddy\byte-buddy\1.14.10\byte-buddy-1.14.10.jar;C:\Users\LG CNS\.m2\repository\org\glassfish\jaxb\jaxb-runtime\4.0.4\jaxb-runtime-4.0.4.jar;C:\Users\LG CNS\.m2\repository\org\glassfish\jaxb\jaxb-core\4.0.4\jaxb-core-4.0.4.jar;C:\Users\LG CNS\.m2\repository\org\eclipse\angus\angus-activation\2.0.1\angus-activation-2.0.1.jar;C:\Users\LG CNS\.m2\repository\org\glassfish\jaxb\txw2\4.0.4\txw2-4.0.4.jar;C:\Users\LG CNS\.m2\repository\com\sun\istack\istack-commons-runtime\4.1.2\istack-commons-runtime-4.1.2.jar;C:\Users\LG CN
Launcher Type: SUN_STANDARD

[Global flags]
     intx CICompilerCount                          = 12                                        {product} {ergonomic}
     uint ConcGCThreads                            = 3                                         {product} {ergonomic}
     uint G1ConcRefinementThreads                  = 13                                        {product} {ergonomic}
   size_t G1HeapRegionSize                         = 2097152                                   {product} {ergonomic}
    uintx GCDrainStackTargetSize                   = 64                                        {product} {ergonomic}
   size_t InitialHeapSize                          = 264241152                                 {product} {ergonomic}
     bool ManagementServer                         = true                                      {product} {command line}
   size_t MarkStackSize                            = 4194304                                   {product} {ergonomic}
   size_t MaxHeapSize                              = 4221566976                                {product} {ergonomic}
   size_t MaxNewSize                               = 2531262464                                {product} {ergonomic}
   size_t MinHeapDeltaBytes                        = 2097152                                   {product} {ergonomic}
   size_t MinHeapSize                              = 8388608                                   {product} {ergonomic}
    uintx NonProfiledCodeHeapSize                  = 0                                      {pd product} {ergonomic}
     bool ProfileInterpreter                       = false                                  {pd product} {command line}
    uintx ProfiledCodeHeapSize                     = 0                                      {pd product} {ergonomic}
   size_t SoftMaxHeapSize                          = 4221566976                             {manageable} {ergonomic}
     intx TieredStopAtLevel                        = 1                                         {product} {command line}
     bool UseCompressedClassPointers               = true                           {product lp64_product} {ergonomic}
     bool UseCompressedOops                        = true                           {product lp64_product} {ergonomic}
     bool UseG1GC                                  = true                                      {product} {ergonomic}
     bool UseLargePagesIndividualAllocation        = false                                  {pd product} {ergonomic}

Logging:
Log output configuration:
 #0: stdout all=warning uptime,level,tags
 #1: stderr all=off uptime,level,tags

Environment Variables:
PATH=C:\Program Files\Common Files\Oracle\Java\javapath;C:\Windows\system32;C:\Windows;C:\Windows\System32\Wbem;C:\Windows\System32\WindowsPowerShell\v1.0\;C:\Windows\System32\OpenSSH\;C:\Program Files\Git\cmd;C:\Program Files\Microsoft SQL Server\Client SDK\ODBC\170\Tools\Binn\;C:\Program Files (x86)\Microsoft SQL Server\150\Tools\Binn\;C:\Program Files\Microsoft SQL Server\150\Tools\Binn\;C:\Program Files\Microsoft SQL Server\150\DTS\Binn\;C:\Program Files (x86)\Microsoft SQL Server\160\DTS\Binn\;C:\Program Files\Azure Data Studio\bin;C:\Program Files\nodejs\;C:\Program Files\MySQL\MySQL Shell 8.0\bin\;C:\Users\LG CNS\AppData\Local\Microsoft\WindowsApps;;C:\Users\LG CNS\AppData\Local\Programs\Microsoft VS Code\bin;C:\Program Files\Azure Data Studio\bin;C:\Users\LG CNS\AppData\Roaming\npm
USERNAME=LG CNS
OS=Windows_NT
PROCESSOR_IDENTIFIER=Intel64 Family 6 Model 186 Stepping 2, GenuineIntel



---------------  S Y S T E M  ---------------

OS:
 Windows 10 , 64 bit Build 19041 (10.0.19041.3636)
OS uptime: 7 days 16:12 hours

CPU: total 16 (initial active 16) (8 cores per cpu, 2 threads per core) family 6 model 186 stepping 2 microcode 0x4114, cx8, cmov, fxsr, ht, mmx, 3dnowpref, sse, sse2, sse3, ssse3, sse4.1, sse4.2, popcnt, lzcnt, tsc, tscinvbit, avx, avx2, aes, erms, clmul, bmi1, bmi2, adx, sha, fma, vzeroupper, clflush, clflushopt, clwb

Memory: 4k page, system-wide physical 16098M (1378M free)
TotalPageFile size 28917M (AvailPageFile size 1M)
current process WorkingSet (physical memory assigned to process): 74M, peak: 74M
current process commit charge ("private bytes"): 357M, peak: 357M

vm_info: Java HotSpot(TM) 64-Bit Server VM (17.0.9+11-LTS-201) for windows-amd64 JRE (17.0.9+11-LTS-201), built on Oct 10 2023 23:16:06 by "mach5one" with MS VC++ 17.1 (VS2022)

END.
